Compiling the C compiler identification source file "CMakeCCompilerId.c" failed.
Compiler: /usr/bin/eosio-cc 
Build flags: ;-O3;
Id flags:  

The output was:
255
/usr/opt/eosio.cdt/1.6.2/bin/wasm-ld: error: cannot open /tmp/CMakeCCompilerId.c.o: No such file or directory


Compiling the CXX compiler identification source file "CMakeCXXCompilerId.cpp" failed.
Compiler: /usr/bin/eosio-cpp 
Build flags: ;-O3;
Id flags:  

The output was:
255
/usr/opt/eosio.cdt/1.6.2/bin/wasm-ld: error: duplicate symbol: main(int, char**)
>>> defined in /tmp/CMakeCXXCompilerId.cpp.o
>>> defined in /tmp/CMakeCXXCompilerId.cpp.o

/usr/opt/eosio.cdt/1.6.2/bin/wasm-ld: error: duplicate symbol: info_platform
>>> defined in /tmp/CMakeCXXCompilerId.cpp.o
>>> defined in /tmp/CMakeCXXCompilerId.cpp.o

/usr/opt/eosio.cdt/1.6.2/bin/wasm-ld: error: duplicate symbol: info_compiler
>>> defined in /tmp/CMakeCXXCompilerId.cpp.o
>>> defined in /tmp/CMakeCXXCompilerId.cpp.o

/usr/opt/eosio.cdt/1.6.2/bin/wasm-ld: error: duplicate symbol: info_language_dialect_default
>>> defined in /tmp/CMakeCXXCompilerId.cpp.o
>>> defined in /tmp/CMakeCXXCompilerId.cpp.o

/usr/opt/eosio.cdt/1.6.2/bin/wasm-ld: error: duplicate symbol: info_arch
>>> defined in /tmp/CMakeCXXCompilerId.cpp.o
>>> defined in /tmp/CMakeCXXCompilerId.cpp.o


Detecting C compiler ABI info failed to compile with the following output:
Change Dir: /home/eos/opt/eosio.contracts.laomao/build/contracts/CMakeFiles/CMakeTmp

Run Build Command:"/usr/bin/make" "cmTC_f4ef9/fast"
make[3]: Entering directory '/home/eos/opt/eosio.contracts.laomao/build/contracts/CMakeFiles/CMakeTmp'
/usr/bin/make -f CMakeFiles/cmTC_f4ef9.dir/build.make CMakeFiles/cmTC_f4ef9.dir/build
make[4]: Entering directory '/home/eos/opt/eosio.contracts.laomao/build/contracts/CMakeFiles/CMakeTmp'
Building C object CMakeFiles/cmTC_f4ef9.dir/CMakeCCompilerABI.c.obj
/usr/bin/eosio-cc    -o CMakeFiles/cmTC_f4ef9.dir/CMakeCCompilerABI.c.obj   -c /usr/share/cmake-3.10/Modules/CMakeCCompilerABI.c
Linking C executable cmTC_f4ef9.wasm
/usr/bin/cmake -E cmake_link_script CMakeFiles/cmTC_f4ef9.dir/link.txt --verbose=1
/usr/bin/eosio-ld  -v CMakeFiles/cmTC_f4ef9.dir/CMakeCCompilerABI.c.obj -o cmTC_f4ef9.wasm 
eosio-ld: Unknown command line argument '-v'.  Try: '/usr/bin/eosio-ld -help'
eosio-ld: Did you mean '-L'?
CMakeFiles/cmTC_f4ef9.dir/build.make:97: recipe for target 'cmTC_f4ef9.wasm' failed
make[4]: *** [cmTC_f4ef9.wasm] Error 1
make[4]: Leaving directory '/home/eos/opt/eosio.contracts.laomao/build/contracts/CMakeFiles/CMakeTmp'
Makefile:126: recipe for target 'cmTC_f4ef9/fast' failed
make[3]: *** [cmTC_f4ef9/fast] Error 2
make[3]: Leaving directory '/home/eos/opt/eosio.contracts.laomao/build/contracts/CMakeFiles/CMakeTmp'



Detecting C [-std=c11] compiler features failed to compile with the following output:
Change Dir: /home/eos/opt/eosio.contracts.laomao/build/contracts/CMakeFiles/CMakeTmp

Run Build Command:"/usr/bin/make" "cmTC_3d46b/fast"
make[3]: Entering directory '/home/eos/opt/eosio.contracts.laomao/build/contracts/CMakeFiles/CMakeTmp'
/usr/bin/make -f CMakeFiles/cmTC_3d46b.dir/build.make CMakeFiles/cmTC_3d46b.dir/build
make[4]: Entering directory '/home/eos/opt/eosio.contracts.laomao/build/contracts/CMakeFiles/CMakeTmp'
Building C object CMakeFiles/cmTC_3d46b.dir/feature_tests.c.obj
/usr/bin/eosio-cc   -std=c11 -o CMakeFiles/cmTC_3d46b.dir/feature_tests.c.obj   -c /home/eos/opt/eosio.contracts.laomao/build/contracts/CMakeFiles/feature_tests.c
eosio-cc: Unknown command line argument '-std=c11'.  Try: '/usr/bin/eosio-cc -help'
eosio-cc: Did you mean '-w=c11'?
CMakeFiles/cmTC_3d46b.dir/build.make:65: recipe for target 'CMakeFiles/cmTC_3d46b.dir/feature_tests.c.obj' failed
make[4]: *** [CMakeFiles/cmTC_3d46b.dir/feature_tests.c.obj] Error 1
make[4]: Leaving directory '/home/eos/opt/eosio.contracts.laomao/build/contracts/CMakeFiles/CMakeTmp'
Makefile:126: recipe for target 'cmTC_3d46b/fast' failed
make[3]: *** [cmTC_3d46b/fast] Error 2
make[3]: Leaving directory '/home/eos/opt/eosio.contracts.laomao/build/contracts/CMakeFiles/CMakeTmp'



Detecting CXX compiler ABI info failed to compile with the following output:
Change Dir: /home/eos/opt/eosio.contracts.laomao/build/contracts/CMakeFiles/CMakeTmp

Run Build Command:"/usr/bin/make" "cmTC_6a7f0/fast"
make[3]: Entering directory '/home/eos/opt/eosio.contracts.laomao/build/contracts/CMakeFiles/CMakeTmp'
/usr/bin/make -f CMakeFiles/cmTC_6a7f0.dir/build.make CMakeFiles/cmTC_6a7f0.dir/build
make[4]: Entering directory '/home/eos/opt/eosio.contracts.laomao/build/contracts/CMakeFiles/CMakeTmp'
Building CXX object CMakeFiles/cmTC_6a7f0.dir/CMakeCXXCompilerABI.cpp.obj
/usr/bin/eosio-cpp     -o CMakeFiles/cmTC_6a7f0.dir/CMakeCXXCompilerABI.cpp.obj -c /usr/share/cmake-3.10/Modules/CMakeCXXCompilerABI.cpp
Linking CXX executable cmTC_6a7f0.wasm
/usr/bin/cmake -E cmake_link_script CMakeFiles/cmTC_6a7f0.dir/link.txt --verbose=1
/usr/bin/eosio-ld  -v CMakeFiles/cmTC_6a7f0.dir/CMakeCXXCompilerABI.cpp.obj -o cmTC_6a7f0.wasm 
eosio-ld: Unknown command line argument '-v'.  Try: '/usr/bin/eosio-ld -help'
eosio-ld: Did you mean '-L'?
CMakeFiles/cmTC_6a7f0.dir/build.make:97: recipe for target 'cmTC_6a7f0.wasm' failed
make[4]: *** [cmTC_6a7f0.wasm] Error 1
make[4]: Leaving directory '/home/eos/opt/eosio.contracts.laomao/build/contracts/CMakeFiles/CMakeTmp'
Makefile:126: recipe for target 'cmTC_6a7f0/fast' failed
make[3]: *** [cmTC_6a7f0/fast] Error 2
make[3]: Leaving directory '/home/eos/opt/eosio.contracts.laomao/build/contracts/CMakeFiles/CMakeTmp'



Detecting CXX [-std=c++1z] compiler features failed to compile with the following output:
Change Dir: /home/eos/opt/eosio.contracts.laomao/build/contracts/CMakeFiles/CMakeTmp

Run Build Command:"/usr/bin/make" "cmTC_4587c/fast"
make[3]: Entering directory '/home/eos/opt/eosio.contracts.laomao/build/contracts/CMakeFiles/CMakeTmp'
/usr/bin/make -f CMakeFiles/cmTC_4587c.dir/build.make CMakeFiles/cmTC_4587c.dir/build
make[4]: Entering directory '/home/eos/opt/eosio.contracts.laomao/build/contracts/CMakeFiles/CMakeTmp'
Building CXX object CMakeFiles/cmTC_4587c.dir/feature_tests.cxx.obj
/usr/bin/eosio-cpp    -std=c++1z -o CMakeFiles/cmTC_4587c.dir/feature_tests.cxx.obj -c /home/eos/opt/eosio.contracts.laomao/build/contracts/CMakeFiles/feature_tests.cxx
Linking CXX executable cmTC_4587c.wasm
/usr/bin/cmake -E cmake_link_script CMakeFiles/cmTC_4587c.dir/link.txt --verbose=1
/usr/bin/eosio-ld   CMakeFiles/cmTC_4587c.dir/feature_tests.cxx.obj -o cmTC_4587c.wasm 
/usr/opt/eosio.cdt/1.6.2/bin/wasm-ld: error: fatal failure: contract with no actions and trying to create dispatcher
CMakeFiles/cmTC_4587c.dir/build.make:97: recipe for target 'cmTC_4587c.wasm' failed
make[4]: *** [cmTC_4587c.wasm] Error 255
make[4]: Leaving directory '/home/eos/opt/eosio.contracts.laomao/build/contracts/CMakeFiles/CMakeTmp'
Makefile:126: recipe for target 'cmTC_4587c/fast' failed
make[3]: *** [cmTC_4587c/fast] Error 2
make[3]: Leaving directory '/home/eos/opt/eosio.contracts.laomao/build/contracts/CMakeFiles/CMakeTmp'



